<?xml version="1.0" encoding="UTF-8"?>
<!-- Generated by org.testng.reporters.JUnitXMLReporter -->
<testsuite ignored="0" hostname="Susmithas-MacBook-Pro.local" failures="0" tests="2" name="Chrome test" time="54199.755" errors="0" timestamp="2021-02-26T13:35:34 PST">
  <testcase classname="BrowsersGridTests.FreshWorksTest" name="freshWorkstitleTest" time="0.0">
    <skipped/>
  </testcase> <!-- freshWorkstitleTest -->
  <testcase classname="BrowsersGridTests.FreshWorksTest" name="getFooterLinksTest" time="0.0">
    <skipped/>
  </testcase> <!-- getFooterLinksTest -->
</testsuite> <!-- Chrome test -->
